2024-11-14 23:57:57,659 - INFO - Логування налаштовано
2024-11-14 23:57:57,659 - DEBUG - Команди для лабораторних робіт створені
2024-11-14 23:57:57,659 - DEBUG - Ініціалізовано Runner
2024-11-14 23:57:57,659 - INFO - Відображення головного меню
2024-11-14 23:58:00,969 - INFO - Запуск лабораторної роботи
2024-11-14 23:58:05,671 - DEBUG - Запуск скрипту E:/SC Python/lab5/runner.py
2024-11-14 23:58:33,783 - INFO - Логування налаштовано
2024-11-14 23:58:33,783 - DEBUG - Команди для лабораторних робіт створені
2024-11-14 23:58:33,783 - DEBUG - Ініціалізовано Runner
2024-11-14 23:58:33,783 - INFO - Відображення головного меню
2024-11-14 23:58:35,791 - INFO - Запуск лабораторної роботи
2024-11-14 23:58:37,340 - DEBUG - Запуск скрипту E:/SC Python/lab1/runner.py
2024-11-14 23:58:42,755 - DEBUG - Лабораторна робота 1 запущена
2024-11-14 23:58:42,755 - INFO - Відображення головного меню
2024-11-14 23:58:45,396 - INFO - Перегляд історії запусків
2024-11-14 23:58:45,397 - INFO - Відображення головного меню
2024-11-14 23:58:49,470 - INFO - Скасування останнього запуску лабораторної роботи
2024-11-14 23:58:49,470 - DEBUG - Скасовано запуск лабораторної роботи 1
2024-11-14 23:58:49,470 - INFO - Відображення головного меню
2024-11-14 23:58:51,484 - INFO - Скасування останнього запуску лабораторної роботи
2024-11-14 23:58:51,485 - INFO - Історія порожня при спробі скасування
2024-11-14 23:58:51,485 - INFO - Відображення головного меню
2024-11-14 23:58:54,105 - INFO - Вихід з програми
2024-11-14 23:58:54,105 - INFO - Відображення головного меню
2024-11-14 23:58:59,568 - INFO - Вихід з програми
2024-11-14 23:58:59,569 - INFO - Відображення головного меню
2024-11-15 00:00:14,251 - INFO - Логування налаштовано
2024-11-15 00:00:14,251 - DEBUG - Команди для лабораторних робіт створені
2024-11-15 00:00:14,251 - DEBUG - Ініціалізовано Runner
2024-11-15 00:00:14,251 - INFO - Відображення головного меню
2024-11-15 00:00:16,279 - INFO - Запуск лабораторної роботи
2024-11-15 00:00:16,987 - DEBUG - Запуск скрипту E:/SC Python/lab1/runner.py
2024-11-15 00:00:20,217 - DEBUG - Лабораторна робота 1 запущена
2024-11-15 00:00:20,217 - INFO - Відображення головного меню
2024-11-15 00:00:24,302 - INFO - Перегляд історії запусків
2024-11-15 00:00:24,302 - INFO - Відображення головного меню
2024-11-15 00:00:26,082 - INFO - Скасування останнього запуску лабораторної роботи
2024-11-15 00:00:26,083 - DEBUG - Скасовано запуск лабораторної роботи 1
2024-11-15 00:00:26,083 - INFO - Відображення головного меню
2024-11-15 00:00:27,211 - INFO - Вихід з програми
2024-11-15 00:00:27,212 - INFO - Відображення головного меню
2024-11-15 00:15:11,553 - INFO - Логування налаштовано
2024-11-15 00:15:11,554 - DEBUG - Команди для лабораторних робіт створені
2024-11-15 00:15:11,554 - DEBUG - Ініціалізовано Runner
2024-11-15 00:15:11,554 - INFO - Відображення головного меню
2024-11-15 11:08:31,693 - INFO - Логування налаштовано
2024-11-15 11:08:31,694 - DEBUG - Команди для лабораторних робіт створені
2024-11-15 11:08:31,695 - DEBUG - Ініціалізовано Runner
2024-11-15 11:08:31,695 - INFO - Відображення головного меню
2024-11-15 22:53:51,857 - INFO - Логування налаштовано
2024-11-15 22:53:51,858 - DEBUG - Команди для лабораторних робіт створені
2024-11-15 22:53:51,858 - DEBUG - Ініціалізовано Runner
2024-11-15 22:53:51,858 - INFO - Відображення головного меню
2024-11-15 22:53:57,521 - INFO - Запуск лабораторної роботи
2024-11-15 22:54:00,069 - DEBUG - Запуск скрипту C:/Users/Angelina/Desktop/lab9/lab8
2024-11-15 22:54:00,299 - DEBUG - Лабораторна робота 8 запущена
2024-11-15 22:54:00,299 - INFO - Відображення головного меню
2024-11-15 22:55:55,566 - INFO - Логування налаштовано
2024-11-15 22:55:55,567 - DEBUG - Команди для лабораторних робіт створені
2024-11-15 22:55:55,567 - DEBUG - Ініціалізовано Runner
2024-11-15 22:55:55,567 - INFO - Відображення головного меню
2024-11-15 22:55:59,165 - INFO - Запуск лабораторної роботи
2024-11-15 22:56:01,234 - DEBUG - Запуск скрипту C:/Users/Angelina/Desktop/project/lab8
2024-11-15 22:56:01,432 - DEBUG - Лабораторна робота 8 запущена
2024-11-15 22:56:01,433 - INFO - Відображення головного меню
2024-11-15 22:58:25,145 - INFO - Логування налаштовано
2024-11-15 22:58:25,145 - DEBUG - Команди для лабораторних робіт створені
2024-11-15 22:58:25,145 - DEBUG - Ініціалізовано Runner
2024-11-15 22:58:25,146 - INFO - Відображення головного меню
2024-11-15 22:58:28,139 - INFO - Запуск лабораторної роботи
2024-11-15 22:58:29,370 - DEBUG - Запуск скрипту C:/Users/Angelina/Desktop/project/lab8/lab8
2024-11-15 22:58:29,565 - DEBUG - Лабораторна робота 8 запущена
2024-11-15 22:58:29,565 - INFO - Відображення головного меню
2024-11-15 23:06:10,391 - INFO - Логування налаштовано
2024-11-15 23:06:10,392 - DEBUG - Команди для лабораторних робіт створені
2024-11-15 23:06:10,392 - DEBUG - Ініціалізовано Runner
2024-11-15 23:06:10,392 - INFO - Відображення головного меню
2024-11-15 23:06:13,307 - INFO - Запуск лабораторної роботи
2024-11-15 23:06:14,683 - DEBUG - Запуск скрипту C:/Users/Angelina/Desktop/project/lab1/runner.py
2024-11-15 23:21:54,229 - INFO - Логування налаштовано
2024-11-15 23:21:54,229 - DEBUG - Команди для лабораторних робіт створені
2024-11-15 23:21:54,229 - DEBUG - Ініціалізовано Runner
2024-11-15 23:21:54,229 - INFO - Відображення головного меню
2024-11-15 23:22:02,686 - INFO - Запуск лабораторної роботи
2024-11-15 23:22:04,854 - DEBUG - Запуск скрипту C:/Users/Angelina/Desktop/project/lab8/runner.py
2024-11-15 23:22:05,070 - DEBUG - Лабораторна робота 8 запущена
2024-11-15 23:22:05,070 - INFO - Відображення головного меню
2024-11-15 23:22:49,442 - INFO - Логування налаштовано
2024-11-15 23:22:49,442 - DEBUG - Команди для лабораторних робіт створені
2024-11-15 23:22:49,442 - DEBUG - Ініціалізовано Runner
2024-11-15 23:22:49,442 - INFO - Відображення головного меню
2024-11-15 23:22:53,293 - INFO - Запуск лабораторної роботи
2024-11-15 23:22:56,534 - DEBUG - Запуск скрипту C:/Users/Angelina/Desktop/project/lab8/runner.py
2024-11-15 23:22:56,713 - DEBUG - Лабораторна робота 8 запущена
2024-11-15 23:22:56,713 - INFO - Відображення головного меню
2024-11-15 23:23:12,452 - INFO - Логування налаштовано
2024-11-15 23:23:12,452 - DEBUG - Команди для лабораторних робіт створені
2024-11-15 23:23:12,452 - DEBUG - Ініціалізовано Runner
2024-11-15 23:23:12,452 - INFO - Відображення головного меню
2024-11-15 23:23:13,934 - INFO - Запуск лабораторної роботи
2024-11-15 23:23:15,683 - DEBUG - Запуск скрипту C:/Users/Angelina/Desktop/project/lab7/runner.py
2024-11-15 23:23:15,892 - DEBUG - Лабораторна робота 7 запущена
2024-11-15 23:23:15,892 - INFO - Відображення головного меню
2024-11-15 23:26:06,075 - INFO - Логування налаштовано
2024-11-15 23:26:06,075 - DEBUG - Команди для лабораторних робіт створені
2024-11-15 23:26:06,076 - DEBUG - Ініціалізовано Runner
2024-11-15 23:26:06,076 - INFO - Відображення головного меню
2024-11-15 23:26:09,106 - INFO - Запуск лабораторної роботи
2024-11-15 23:26:11,247 - DEBUG - Запуск скрипту C:/Users/Angelina/Desktop/project/lab3/runner.py
2024-11-15 23:26:11,497 - DEBUG - Лабораторна робота 3 запущена
2024-11-15 23:26:11,497 - INFO - Відображення головного меню
2024-11-15 23:28:18,107 - INFO - Логування налаштовано
2024-11-15 23:28:18,107 - DEBUG - Команди для лабораторних робіт створені
2024-11-15 23:28:18,107 - DEBUG - Ініціалізовано Runner
2024-11-15 23:28:18,107 - INFO - Відображення головного меню
2024-11-15 23:28:21,076 - INFO - Запуск лабораторної роботи
2024-11-15 23:28:23,191 - DEBUG - Запуск скрипту C:/Users/Angelina/Desktop/project/lab8/runner.py
2024-11-15 23:28:23,448 - DEBUG - Лабораторна робота 8 запущена
2024-11-15 23:28:23,449 - INFO - Відображення головного меню
2024-11-15 23:29:05,018 - INFO - Логування налаштовано
2024-11-15 23:29:05,018 - DEBUG - Команди для лабораторних робіт створені
2024-11-15 23:29:05,019 - DEBUG - Ініціалізовано Runner
2024-11-15 23:29:05,019 - INFO - Відображення головного меню
2024-11-15 23:29:07,541 - INFO - Запуск лабораторної роботи
2024-11-15 23:29:08,686 - DEBUG - Запуск скрипту C:/Users/Angelina/Desktop/project/lab8/runner.py
2024-11-15 23:29:08,930 - DEBUG - Лабораторна робота 8 запущена
2024-11-15 23:29:08,930 - INFO - Відображення головного меню
2024-11-15 23:29:37,157 - INFO - Запуск лабораторної роботи
2024-11-15 23:29:38,504 - DEBUG - Запуск скрипту C:/Users/Angelina/Desktop/project/lab6/runner.py
2024-11-15 23:29:45,377 - DEBUG - Лабораторна робота 6 запущена
2024-11-15 23:29:45,377 - INFO - Відображення головного меню
2024-11-15 23:29:48,112 - INFO - Запуск лабораторної роботи
2024-11-15 23:29:49,453 - DEBUG - Запуск скрипту C:/Users/Angelina/Desktop/project/lab7/runner.py
2024-11-15 23:29:49,686 - DEBUG - Лабораторна робота 7 запущена
2024-11-15 23:29:49,686 - INFO - Відображення головного меню
2024-11-15 23:31:53,746 - INFO - Логування налаштовано
2024-11-15 23:31:53,746 - DEBUG - Команди для лабораторних робіт створені
2024-11-15 23:31:53,746 - DEBUG - Ініціалізовано Runner
2024-11-15 23:31:53,746 - INFO - Відображення головного меню
2024-11-15 23:31:58,339 - INFO - Запуск лабораторної роботи
2024-11-15 23:31:59,656 - DEBUG - Запуск скрипту C:/Users/Angelina/Desktop/project/lab7/runner.py
2024-11-15 23:31:59,843 - DEBUG - Лабораторна робота 7 запущена
2024-11-15 23:31:59,843 - INFO - Відображення головного меню
2024-11-15 23:32:08,096 - INFO - Запуск лабораторної роботи
2024-11-15 23:32:09,690 - DEBUG - Запуск скрипту C:/Users/Angelina/Desktop/project/lab1/runner.py
2024-11-15 23:32:12,378 - DEBUG - Лабораторна робота 1 запущена
2024-11-15 23:32:12,378 - INFO - Відображення головного меню
2024-11-15 23:32:14,100 - INFO - Скасування останнього запуску лабораторної роботи
2024-11-15 23:32:14,100 - DEBUG - Скасовано запуск лабораторної роботи 1
2024-11-15 23:32:14,100 - INFO - Відображення головного меню
2024-11-15 23:32:19,271 - INFO - Вихід з програми
2024-11-15 23:32:19,271 - INFO - Відображення головного меню
2024-11-15 23:32:23,962 - INFO - Запуск лабораторної роботи
2024-11-15 23:32:25,456 - DEBUG - Запуск скрипту C:/Users/Angelina/Desktop/project/lab3/runner.py
2024-11-15 23:32:25,638 - DEBUG - Лабораторна робота 3 запущена
2024-11-15 23:32:25,638 - INFO - Відображення головного меню
2024-11-15 23:33:02,072 - INFO - Логування налаштовано
2024-11-15 23:33:02,072 - DEBUG - Команди для лабораторних робіт створені
2024-11-15 23:33:02,072 - DEBUG - Ініціалізовано Runner
2024-11-15 23:33:02,073 - INFO - Відображення головного меню
2024-11-15 23:33:05,702 - INFO - Запуск лабораторної роботи
2024-11-15 23:33:06,860 - DEBUG - Запуск скрипту C:/Users/Angelina/Desktop/project/lab3/runner.py
2024-11-15 23:33:07,055 - DEBUG - Лабораторна робота 3 запущена
2024-11-15 23:33:07,055 - INFO - Відображення головного меню
2024-11-15 23:33:28,144 - INFO - Логування налаштовано
2024-11-15 23:33:28,144 - DEBUG - Команди для лабораторних робіт створені
2024-11-15 23:33:28,145 - DEBUG - Ініціалізовано Runner
2024-11-15 23:33:28,145 - INFO - Відображення головного меню
2024-11-15 23:33:51,626 - INFO - Логування налаштовано
2024-11-15 23:33:51,627 - DEBUG - Команди для лабораторних робіт створені
2024-11-15 23:33:51,628 - DEBUG - Ініціалізовано Runner
2024-11-15 23:33:51,628 - INFO - Відображення головного меню
2024-11-15 23:34:09,224 - INFO - Логування налаштовано
2024-11-15 23:34:09,224 - DEBUG - Команди для лабораторних робіт створені
2024-11-15 23:34:09,224 - DEBUG - Ініціалізовано Runner
2024-11-15 23:34:09,224 - INFO - Відображення головного меню
2024-11-15 23:34:15,242 - INFO - Перегляд історії запусків
2024-11-15 23:34:15,242 - INFO - Історія запусків порожня
2024-11-15 23:34:15,242 - INFO - Відображення головного меню
2024-11-15 23:41:54,006 - INFO - Логування налаштовано
2024-11-15 23:41:54,006 - DEBUG - Команди для лабораторних робіт створені
2024-11-15 23:41:54,007 - DEBUG - Ініціалізовано Runner
2024-11-15 23:41:54,007 - INFO - Відображення головного меню
2024-11-15 23:41:57,262 - INFO - Запуск лабораторної роботи
2024-11-15 23:41:58,786 - DEBUG - Запуск скрипту C:/Users/Angelina/Desktop/project/lab8/runner.py
2024-11-15 23:41:58,997 - DEBUG - Лабораторна робота 8 запущена
2024-11-15 23:41:58,998 - INFO - Відображення головного меню
2024-11-15 23:42:04,053 - INFO - Скасування останнього запуску лабораторної роботи
2024-11-15 23:42:04,054 - DEBUG - Скасовано запуск лабораторної роботи 8
2024-11-15 23:42:04,054 - INFO - Відображення головного меню
2024-11-15 23:42:06,749 - INFO - Запуск лабораторної роботи
2024-11-15 23:42:09,252 - DEBUG - Запуск скрипту C:/Users/Angelina/Desktop/project/lab4/runner.py
2024-11-15 23:42:22,129 - DEBUG - Лабораторна робота 4 запущена
2024-11-15 23:42:22,129 - INFO - Відображення головного меню
2024-11-15 23:42:26,903 - WARNING - Невірний вибір в меню
2024-11-15 23:42:26,903 - INFO - Відображення головного меню
2024-11-15 23:42:29,984 - INFO - Запуск лабораторної роботи
2024-11-15 23:42:30,764 - DEBUG - Запуск скрипту C:/Users/Angelina/Desktop/project/lab5/runner.py
2024-11-15 23:42:30,980 - DEBUG - Лабораторна робота 5 запущена
2024-11-15 23:42:30,980 - INFO - Відображення головного меню
2024-11-15 23:44:53,082 - INFO - Логування налаштовано
2024-11-15 23:44:53,083 - DEBUG - Команди для лабораторних робіт створені
2024-11-15 23:44:53,083 - DEBUG - Ініціалізовано Runner
2024-11-15 23:44:53,083 - INFO - Відображення головного меню
2024-11-15 23:44:59,965 - INFO - Запуск лабораторної роботи
2024-11-15 23:45:01,894 - DEBUG - Запуск скрипту C:/Users/Angelina/Desktop/project/lab6/runner.py
2024-11-15 23:45:10,960 - DEBUG - Лабораторна робота 6 запущена
2024-11-15 23:45:10,960 - INFO - Відображення головного меню
2024-11-15 23:45:14,721 - INFO - Перегляд історії запусків
2024-11-15 23:45:14,721 - INFO - Відображення головного меню
2024-11-15 23:45:20,045 - INFO - Скасування останнього запуску лабораторної роботи
2024-11-15 23:45:20,045 - DEBUG - Скасовано запуск лабораторної роботи 6
2024-11-15 23:45:20,045 - INFO - Відображення головного меню
2024-11-15 23:45:24,682 - INFO - Перегляд історії запусків
2024-11-15 23:45:24,683 - INFO - Історія запусків порожня
2024-11-15 23:45:24,683 - INFO - Відображення головного меню
2024-11-15 23:45:28,004 - INFO - Вихід з програми
2024-11-15 23:45:28,005 - INFO - Відображення головного меню
2024-11-16 08:50:53,016 - INFO - Логування налаштовано
2024-11-16 08:50:53,016 - DEBUG - Команди для лабораторних робіт створені
2024-11-16 08:50:53,016 - DEBUG - Ініціалізовано Runner
2024-11-16 08:50:53,016 - INFO - Відображення головного меню
2024-11-16 08:51:21,220 - INFO - Логування налаштовано
2024-11-16 08:51:21,220 - DEBUG - Команди для лабораторних робіт створені
2024-11-16 08:51:21,220 - DEBUG - Ініціалізовано Runner
2024-11-16 08:51:21,220 - INFO - Відображення головного меню
2024-11-16 08:51:26,647 - INFO - Запуск лабораторної роботи
2024-11-16 08:51:29,676 - DEBUG - Запуск скрипту C:/Users/Angelina/Desktop/project/lab4/runner.py
2024-11-16 08:51:50,946 - DEBUG - Лабораторна робота 4 запущена
2024-11-16 08:51:50,946 - INFO - Відображення головного меню
2024-11-16 08:51:54,595 - INFO - Перегляд історії запусків
2024-11-16 08:51:54,595 - INFO - Відображення головного меню
2024-11-16 08:52:03,434 - INFO - Скасування останнього запуску лабораторної роботи
2024-11-16 08:52:03,434 - DEBUG - Скасовано запуск лабораторної роботи 4
2024-11-16 08:52:03,435 - INFO - Відображення головного меню
2024-11-16 08:52:15,564 - INFO - Перегляд історії запусків
2024-11-16 08:52:15,564 - INFO - Історія запусків порожня
2024-11-16 08:52:15,564 - INFO - Відображення головного меню
2024-11-16 08:52:26,004 - INFO - Вихід з програми
2024-11-16 08:52:26,004 - INFO - Відображення головного меню
2024-11-16 08:52:29,325 - INFO - Вихід з програми
2024-11-16 08:52:29,326 - INFO - Відображення головного меню
